Fitter report for project_3
Mon Nov 09 20:32:43 2020
Version 5.1 Build 176 10/26/2005 SJ Full Version


---------------------
; Table of Contents ;
---------------------
  1. Legal Notice
  2. Fitter Summary
  3. Fitter Settings
  4. Fitter Device Options
  5. Fitter Equations
  6. Pin-Out File
  7. Fitter Resource Usage Summary
  8. Input Pins
  9. Output Pins
 10. I/O Bank Usage
 11. All Package Pins
 12. Output Pin Default Load For Reported TCO
 13. Fitter Resource Utilization by Entity
 14. Delay Chain Summary
 15. Pad To Core Delay Chain Fanout
 16. Control Signals
 17. Global & Other Fast Signals
 18. Non-Global High Fan-Out Signals
 19. Fitter RAM Summary
 20. Interconnect Usage Summary
 21. Fitter Messages



----------------
; Legal Notice ;
----------------
Copyright (C) 1991-2005 Altera Corporation
Your use of Altera Corporation's design tools, logic functions 
and other software and tools, and its AMPP partner logic 
functions, and any output files any of the foregoing 
(including device programming or simulation files), and any 
associated documentation or information are expressly subject 
to the terms and conditions of the Altera Program License 
Subscription Agreement, Altera MegaCore Function License 
Agreement, or other applicable license agreement, including, 
without limitation, that your use is for the sole purpose of 
programming logic devices manufactured by Altera and sold by 
Altera or its authorized distributors.  Please refer to the 
applicable agreement for further details.



+-------------------------------------------------------------------------------+
; Fitter Summary                                                                ;
+------------------------------------+------------------------------------------+
; Fitter Status                      ; Successful - Mon Nov 09 20:32:43 2020    ;
; Quartus II Version                 ; 5.1 Build 176 10/26/2005 SJ Full Version ;
; Revision Name                      ; project_3                                ;
; Top-level Entity Name              ; project_3                                ;
; Family                             ; Cyclone II                               ;
; Device                             ; EP2C20Q240C8                             ;
; Timing Models                      ; Preliminary                              ;
; Total logic elements               ; 0 / 18,752 ( 0 % )                       ;
; Total registers                    ; 0                                        ;
; Total pins                         ; 7 / 142 ( 5 % )                          ;
; Total virtual pins                 ; 0                                        ;
; Total memory bits                  ; 16 / 239,616 ( < 1 % )                   ;
; Embedded Multiplier 9-bit elements ; 0 / 52 ( 0 % )                           ;
; Total PLLs                         ; 0 / 4 ( 0 % )                            ;
+------------------------------------+------------------------------------------+


+------------------------------------------------------------------------------------------------------------------------+
; Fitter Settings                                                                                                        ;
+------------------------------------------------------+--------------------------------+--------------------------------+
; Option                                               ; Setting                        ; Default Value                  ;
+------------------------------------------------------+--------------------------------+--------------------------------+
; Device                                               ; EP2C20Q240C8                   ;                                ;
; SignalProbe signals routed during normal compilation ; Off                            ; Off                            ;
; Use smart compilation                                ; Off                            ; Off                            ;
; Router Timing Optimization Level                     ; Normal                         ; Normal                         ;
; Placement Effort Multiplier                          ; 1.0                            ; 1.0                            ;
; Router Effort Multiplier                             ; 1.0                            ; 1.0                            ;
; Optimize Hold Timing                                 ; IO Paths and Minimum TPD Paths ; IO Paths and Minimum TPD Paths ;
; Optimize Fast-Corner Timing                          ; Off                            ; Off                            ;
; PowerPlay Power Optimization                         ; Normal compilation             ; Normal compilation             ;
; Optimize Timing                                      ; Normal compilation             ; Normal compilation             ;
; Optimize IOC Register Placement for Timing           ; On                             ; On                             ;
; Limit to One Fitting Attempt                         ; Off                            ; Off                            ;
; Final Placement Optimizations                        ; Automatically                  ; Automatically                  ;
; Fitter Aggressive Routability Optimizations          ; Automatically                  ; Automatically                  ;
; Fitter Initial Placement Seed                        ; 1                              ; 1                              ;
; PCI I/O                                              ; Off                            ; Off                            ;
; Weak Pull-Up Resistor                                ; Off                            ; Off                            ;
; Enable Bus-Hold Circuitry                            ; Off                            ; Off                            ;
; Auto Global Memory Control Signals                   ; Off                            ; Off                            ;
; Auto Packed Registers -- Stratix II/Cyclone II       ; Auto                           ; Auto                           ;
; Auto Delay Chains                                    ; On                             ; On                             ;
; Auto Merge PLLs                                      ; On                             ; On                             ;
; Fitter Effort                                        ; Auto Fit                       ; Auto Fit                       ;
; Physical Synthesis Effort Level                      ; Normal                         ; Normal                         ;
; Auto Global Clock                                    ; On                             ; On                             ;
; Auto Global Register Control Signals                 ; On                             ; On                             ;
+------------------------------------------------------+--------------------------------+--------------------------------+


+-------------------------------------------------------------------------+
; Fitter Device Options                                                   ;
+----------------------------------------------+--------------------------+
; Option                                       ; Setting                  ;
+----------------------------------------------+--------------------------+
; Enable user-supplied start-up clock (CLKUSR) ; Off                      ;
; Enable device-wide reset (DEV_CLRn)          ; Off                      ;
; Enable device-wide output enable (DEV_OE)    ; Off                      ;
; Enable INIT_DONE output                      ; Off                      ;
; Configuration scheme                         ; Active Serial            ;
; Error detection CRC                          ; Off                      ;
; Reserve nCEO pin after configuration         ; As output driving ground ;
; Reserve all unused pins                      ; As output driving ground ;
; Base pin-out file on sameframe device        ; Off                      ;
+----------------------------------------------+--------------------------+


+------------------+
; Fitter Equations ;
+------------------+
The equations can be found in E:/project_3/project_3.fit.eqn.


+--------------+
; Pin-Out File ;
+--------------+
The pin-out file can be found in E:/project_3/project_3.pin.


+-----------------------------------------------------------------------------------------------------------------------------------+
; Fitter Resource Usage Summary                                                                                                     ;
+---------------------------------------------+-------------------------------------------------------------------------------------+
; Resource                                    ; Usage                                                                               ;
+---------------------------------------------+-------------------------------------------------------------------------------------+
; Total logic elements                        ; 0 / 18,752 ( 0 % )                                                                  ;
;     -- Combinational with no register       ; 0                                                                                   ;
;     -- Register only                        ; 0                                                                                   ;
;     -- Combinational with a register        ; 0                                                                                   ;
;                                             ;                                                                                     ;
; Logic element usage by number of LUT inputs ;                                                                                     ;
;     -- 4 input functions                    ; 0                                                                                   ;
;     -- 3 input functions                    ; 0                                                                                   ;
;     -- <=2 input functions                  ; 0                                                                                   ;
;     -- Register only                        ; 0                                                                                   ;
;         -- Combinational cells for routing  ; 0                                                                                   ;
;                                             ;                                                                                     ;
; Logic elements by mode                      ;                                                                                     ;
;     -- normal mode                          ; 0                                                                                   ;
;     -- arithmetic mode                      ; 0                                                                                   ;
;                                             ;                                                                                     ;
; Total registers                             ; 0 / 18,752 ( 0 % )                                                                  ;
; Total LABs                                  ; 0 / 1,172 ( 0 % )                                                                   ;
; User inserted logic elements                ; 0                                                                                   ;
; Virtual pins                                ; 0                                                                                   ;
; I/O pins                                    ; 7 / 142 ( 5 % )                                                                     ;
;     -- Clock pins                           ; 1 / 8 ( 13 % )                                                                      ;
; Global signals                              ; 1                                                                                   ;
; M4Ks                                        ; 1 / 52 ( 2 % )                                                                      ;
; Total memory bits                           ; 16 / 239,616 ( < 1 % )                                                              ;
; Total RAM block bits                        ; 4,608 / 239,616 ( 2 % )                                                             ;
; Embedded Multiplier 9-bit elements          ; 0 / 52 ( 0 % )                                                                      ;
; PLLs                                        ; 0 / 4 ( 0 % )                                                                       ;
; Global clocks                               ; 1 / 16 ( 6 % )                                                                      ;
; Maximum fan-out node                        ; lpm_rom0:inst|altsyncram:altsyncram_component|altsyncram_qs01:auto_generated|q_a[0] ;
; Maximum fan-out                             ; 4                                                                                   ;
; Highest non-global fan-out signal           ; lpm_rom0:inst|altsyncram:altsyncram_component|altsyncram_qs01:auto_generated|q_a[0] ;
; Highest non-global fan-out                  ; 1                                                                                   ;
; Total fan-out                               ; 8                                                                                   ;
; Average fan-out                             ; 0.67                                                                                ;
+---------------------------------------------+-------------------------------------------------------------------------------------+


+-----------------------------------------------------------------------------------------------------------------------------------------------------------------------------------------------------------------------------------------------------------------+
; Input Pins                                                                                                                                                                                                                                                      ;
+-----------+-------+----------+--------------+--------------+-------------+-----------------------+--------------------+--------+----------------+---------------+-----------------+----------+--------------+--------------+-------------+----------------------+
; Name      ; Pin # ; I/O Bank ; X coordinate ; Y coordinate ; Cell number ; Combinational Fan-Out ; Registered Fan-Out ; Global ; Input Register ; Power Up High ; PCI I/O Enabled ; Bus Hold ; Weak Pull Up ; I/O Standard ; Termination ; Location assigned by ;
+-----------+-------+----------+--------------+--------------+-------------+-----------------------+--------------------+--------+----------------+---------------+-----------------+----------+--------------+--------------+-------------+----------------------+
; a[0]      ; 14    ; 2        ; 0            ; 21           ; 3           ; 1                     ; 0                  ; no     ; no             ; no            ; no              ; no       ; Off          ; LVTTL        ; Off         ; User                 ;
; a[1]      ; 13    ; 2        ; 0            ; 21           ; 2           ; 1                     ; 0                  ; no     ; no             ; no            ; no              ; no       ; Off          ; LVTTL        ; Off         ; User                 ;
; pin_name1 ; 31    ; 2        ; 0            ; 13           ; 1           ; 1                     ; 0                  ; no     ; no             ; no            ; no              ; no       ; Off          ; LVTTL        ; Off         ; User                 ;
+-----------+-------+----------+--------------+--------------+-------------+-----------------------+--------------------+--------+----------------+---------------+-----------------+----------+--------------+--------------+-------------+----------------------+


+---------------------------------------------------------------------------------------------------------------------------------------------------------------------------------------------------------------------------------------------------------------------------------------+
; Output Pins                                                                                                                                                                                                                                                                           ;
+------+-------+----------+--------------+--------------+-------------+-----------------+------------------------+---------------+-----------------+------------+---------------+----------+--------------+--------------+------------------+-------------+----------------------+------+
; Name ; Pin # ; I/O Bank ; X coordinate ; Y coordinate ; Cell number ; Output Register ; Output Enable Register ; Power Up High ; PCI I/O Enabled ; Open Drain ; TRI Primitive ; Bus Hold ; Weak Pull Up ; I/O Standard ; Current Strength ; Termination ; Location assigned by ; Load ;
+------+-------+----------+--------------+--------------+-------------+-----------------+------------------------+---------------+-----------------+------------+---------------+----------+--------------+--------------+------------------+-------------+----------------------+------+
; o[0] ; 161   ; 5        ; 50           ; 16           ; 3           ; no              ; no                     ; no            ; no              ; no         ; no            ; no       ; Off          ; LVTTL        ; 24mA             ; Off         ; User                 ; 0 pF ;
; o[1] ; 162   ; 5        ; 50           ; 16           ; 2           ; no              ; no                     ; no            ; no              ; no         ; no            ; no       ; Off          ; LVTTL        ; 24mA             ; Off         ; User                 ; 0 pF ;
; o[2] ; 164   ; 5        ; 50           ; 17           ; 2           ; no              ; no                     ; no            ; no              ; no         ; no            ; no       ; Off          ; LVTTL        ; 24mA             ; Off         ; User                 ; 0 pF ;
; o[3] ; 165   ; 5        ; 50           ; 17           ; 1           ; no              ; no                     ; no            ; no              ; no         ; no            ; no       ; Off          ; LVTTL        ; 24mA             ; Off         ; User                 ; 0 pF ;
+------+-------+----------+--------------+--------------+-------------+-----------------+------------------------+---------------+-----------------+------------+---------------+----------+--------------+--------------+------------------+-------------+----------------------+------+


+-----------------------------------------------------------+
; I/O Bank Usage                                            ;
+----------+-----------------+---------------+--------------+
; I/O Bank ; Usage           ; VCCIO Voltage ; VREF Voltage ;
+----------+-----------------+---------------+--------------+
; 1        ; 0 / 19 ( 0 % )  ; 3.3V          ; --           ;
; 2        ; 5 / 16 ( 31 % ) ; 3.3V          ; --           ;
; 3        ; 0 / 18 ( 0 % )  ; 3.3V          ; --           ;
; 4        ; 0 / 17 ( 0 % )  ; 3.3V          ; --           ;
; 5        ; 4 / 20 ( 20 % ) ; 3.3V          ; --           ;
; 6        ; 1 / 18 ( 6 % )  ; 3.3V          ; --           ;
; 7        ; 0 / 16 ( 0 % )  ; 3.3V          ; --           ;
; 8        ; 0 / 18 ( 0 % )  ; 3.3V          ; --           ;
+----------+-----------------+---------------+--------------+


+-------------------------------------------------------------------------------------------------------------------------------------------------------------------------+
; All Package Pins                                                                                                                                                        ;
+----------+------------+----------+-------------------------------------------+--------+--------------+---------+------------+-----------------+----------+--------------+
; Location ; Pad Number ; I/O Bank ; Pin Name/Usage                            ; Dir.   ; I/O Standard ; Voltage ; I/O Type   ; User Assignment ; Bus Hold ; Weak Pull Up ;
+----------+------------+----------+-------------------------------------------+--------+--------------+---------+------------+-----------------+----------+--------------+
; 1        ;            ;          ; GNDG_PLL3                                 ; gnd    ;              ;         ; --         ;                 ; --       ; --           ;
; 2        ;            ;          ; VCCD_PLL3                                 ; power  ;              ; 1.2V    ; --         ;                 ; --       ; --           ;
; 3        ;            ;          ; GNDD_PLL3                                 ; gnd    ;              ;         ; --         ;                 ; --       ; --           ;
; 4        ; 0          ; 2        ; +~ASDO~ / RESERVED_INPUT_WITH_WEAK_PULLUP ; input  ; LVTTL        ;         ; Row I/O    ; N               ; no       ; Off          ;
; 5        ; 1          ; 2        ; +~nCSO~ / RESERVED_INPUT_WITH_WEAK_PULLUP ; input  ; LVTTL        ;         ; Row I/O    ; N               ; no       ; Off          ;
; 6        ; 2          ; 2        ; GND*                                      ;        ;              ;         ; Row I/O    ;                 ; no       ; Off          ;
; 7        ; 3          ; 2        ; GND*                                      ;        ;              ;         ; Row I/O    ;                 ; no       ; Off          ;
; 8        ; 4          ; 2        ; GND*                                      ;        ;              ;         ; Row I/O    ;                 ; no       ; Off          ;
; 9        ; 5          ; 2        ; GND*                                      ;        ;              ;         ; Row I/O    ;                 ; no       ; Off          ;
; 10       ;            ; 2        ; VCCIO2                                    ; power  ;              ; 3.3V    ; --         ;                 ; --       ; --           ;
; 11       ; 10         ; 2        ; GND*                                      ;        ;              ;         ; Row I/O    ;                 ; no       ; Off          ;
; 12       ;            ;          ; GND                                       ; gnd    ;              ;         ; --         ;                 ; --       ; --           ;
; 13       ; 18         ; 2        ; a[1]                                      ; input  ; LVTTL        ;         ; Row I/O    ; Y               ; no       ; Off          ;
; 14       ; 19         ; 2        ; a[0]                                      ; input  ; LVTTL        ;         ; Row I/O    ; Y               ; no       ; Off          ;
; 15       ; 20         ; 2        ; GND*                                      ;        ;              ;         ; Row I/O    ;                 ; no       ; Off          ;
; 16       ; 21         ; 2        ; GND*                                      ;        ;              ;         ; Row I/O    ;                 ; no       ; Off          ;
; 17       ;            ;          ; GND                                       ; gnd    ;              ;         ; --         ;                 ; --       ; --           ;
; 18       ; 27         ; 2        ; GND*                                      ;        ;              ;         ; Row I/O    ;                 ; no       ; Off          ;
; 19       ;            ; 2        ; VCCIO2                                    ; power  ;              ; 3.3V    ; --         ;                 ; --       ; --           ;
; 20       ; 29         ; 2        ; GND*                                      ;        ;              ;         ; Row I/O    ;                 ; no       ; Off          ;
; 21       ; 30         ; 2        ; GND*                                      ;        ;              ;         ; Row I/O    ;                 ; no       ; Off          ;
; 22       ; 31         ; 2        ; #TDI                                      ; input  ;              ;         ; --         ;                 ; --       ; --           ;
; 23       ; 32         ; 2        ; #TCK                                      ; input  ;              ;         ; --         ;                 ; --       ; --           ;
; 24       ; 33         ; 2        ; #TMS                                      ; input  ;              ;         ; --         ;                 ; --       ; --           ;
; 25       ; 34         ; 2        ; #TDO                                      ; output ;              ;         ; --         ;                 ; --       ; --           ;
; 26       ; 35         ; 2        ; ^DCLK                                     ;        ;              ;         ; --         ;                 ; --       ; --           ;
; 27       ; 36         ; 2        ; ^DATA0                                    ; input  ;              ;         ; --         ;                 ; --       ; --           ;
; 28       ;            ;          ; VCCINT                                    ; power  ;              ; 1.2V    ; --         ;                 ; --       ; --           ;
; 29       ; 37         ; 2        ; ^nCE                                      ;        ;              ;         ; --         ;                 ; --       ; --           ;
; 30       ; 38         ; 2        ; GND+                                      ;        ;              ;         ; Row I/O    ;                 ; --       ; --           ;
; 31       ; 39         ; 2        ; pin_name1                                 ; input  ; LVTTL        ;         ; Row I/O    ; Y               ; no       ; Off          ;
; 32       ;            ;          ; GND                                       ; gnd    ;              ;         ; --         ;                 ; --       ; --           ;
; 33       ; 40         ; 2        ; ^nCONFIG                                  ;        ;              ;         ; --         ;                 ; --       ; --           ;
; 34       ; 41         ; 1        ; GND+                                      ;        ;              ;         ; Row I/O    ;                 ; --       ; --           ;
; 35       ; 42         ; 1        ; GND+                                      ;        ;              ;         ; Row I/O    ;                 ; --       ; --           ;
; 36       ;            ; 1        ; VCCIO1                                    ; power  ;              ; 3.3V    ; --         ;                 ; --       ; --           ;
; 37       ; 43         ; 1        ; GND*                                      ;        ;              ;         ; Row I/O    ;                 ; no       ; Off          ;
; 38       ; 44         ; 1        ; GND*                                      ;        ;              ;         ; Row I/O    ;                 ; no       ; Off          ;
; 39       ; 45         ; 1        ; GND*                                      ;        ;              ;         ; Row I/O    ;                 ; no       ; Off          ;
; 40       ;            ;          ; VCCINT                                    ; power  ;              ; 1.2V    ; --         ;                 ; --       ; --           ;
; 41       ; 46         ; 1        ; GND*                                      ;        ;              ;         ; Row I/O    ;                 ; no       ; Off          ;
; 42       ; 47         ; 1        ; GND*                                      ;        ;              ;         ; Row I/O    ;                 ; no       ; Off          ;
; 43       ;            ;          ; GND                                       ; gnd    ;              ;         ; --         ;                 ; --       ; --           ;
; 44       ; 50         ; 1        ; GND*                                      ;        ;              ;         ; Row I/O    ;                 ; no       ; Off          ;
; 45       ;            ;          ; GND                                       ; gnd    ;              ;         ; --         ;                 ; --       ; --           ;
; 46       ; 61         ; 1        ; GND*                                      ;        ;              ;         ; Row I/O    ;                 ; no       ; Off          ;
; 47       ; 62         ; 1        ; GND*                                      ;        ;              ;         ; Row I/O    ;                 ; no       ; Off          ;
; 48       ;            ;          ; GND                                       ; gnd    ;              ;         ; --         ;                 ; --       ; --           ;
; 49       ; 70         ; 1        ; GND*                                      ;        ;              ;         ; Row I/O    ;                 ; no       ; Off          ;
; 50       ; 71         ; 1        ; GND*                                      ;        ;              ;         ; Row I/O    ;                 ; no       ; Off          ;
; 51       ; 72         ; 1        ; GND*                                      ;        ;              ;         ; Row I/O    ;                 ; no       ; Off          ;
; 52       ; 73         ; 1        ; GND*                                      ;        ;              ;         ; Row I/O    ;                 ; no       ; Off          ;
; 53       ;            ; 1        ; VCCIO1                                    ; power  ;              ; 3.3V    ; --         ;                 ; --       ; --           ;
; 54       ; 77         ; 1        ; GND*                                      ;        ;              ;         ; Row I/O    ;                 ; no       ; Off          ;
; 55       ; 78         ; 1        ; GND*                                      ;        ;              ;         ; Row I/O    ;                 ; no       ; Off          ;
; 56       ; 79         ; 1        ; GND*                                      ;        ;              ;         ; Row I/O    ;                 ; no       ; Off          ;
; 57       ; 80         ; 1        ; GND*                                      ;        ;              ;         ; Row I/O    ;                 ; no       ; Off          ;
; 58       ; 81         ; 1        ; GND*                                      ;        ;              ;         ; Row I/O    ;                 ; no       ; Off          ;
; 59       ;            ;          ; GNDD_PLL1                                 ; gnd    ;              ;         ; --         ;                 ; --       ; --           ;
; 60       ;            ;          ; VCCD_PLL1                                 ; power  ;              ; 1.2V    ; --         ;                 ; --       ; --           ;
; 61       ;            ;          ; GNDG_PLL1                                 ; gnd    ;              ;         ; --         ;                 ; --       ; --           ;
; 62       ;            ;          ; VCCA_PLL1                                 ; power  ;              ; 1.2V    ; --         ;                 ; --       ; --           ;
; 63       ;            ;          ; GNDA_PLL1                                 ; gnd    ;              ;         ; --         ;                 ; --       ; --           ;
; 64       ; 82         ; 8        ; GND*                                      ;        ;              ;         ; Column I/O ;                 ; no       ; Off          ;
; 65       ; 84         ; 8        ; GND*                                      ;        ;              ;         ; Column I/O ;                 ; no       ; Off          ;
; 66       ; 85         ; 8        ; GND*                                      ;        ;              ;         ; Column I/O ;                 ; no       ; Off          ;
; 67       ; 86         ; 8        ; GND*                                      ;        ;              ;         ; Column I/O ;                 ; no       ; Off          ;
; 68       ; 87         ; 8        ; GND*                                      ;        ;              ;         ; Column I/O ;                 ; no       ; Off          ;
; 69       ;            ; 8        ; VCCIO8                                    ; power  ;              ; 3.3V    ; --         ;                 ; --       ; --           ;
; 70       ; 88         ; 8        ; GND*                                      ;        ;              ;         ; Column I/O ;                 ; no       ; Off          ;
; 71       ;            ;          ; GND                                       ; gnd    ;              ;         ; --         ;                 ; --       ; --           ;
; 72       ; 89         ; 8        ; GND*                                      ;        ;              ;         ; Column I/O ;                 ; no       ; Off          ;
; 73       ; 93         ; 8        ; GND*                                      ;        ;              ;         ; Column I/O ;                 ; no       ; Off          ;
; 74       ;            ;          ; GND                                       ; gnd    ;              ;         ; --         ;                 ; --       ; --           ;
; 75       ;            ;          ; GND                                       ; gnd    ;              ;         ; --         ;                 ; --       ; --           ;
; 76       ;            ;          ; VCCINT                                    ; power  ;              ; 1.2V    ; --         ;                 ; --       ; --           ;
; 77       ;            ; 8        ; VCCIO8                                    ; power  ;              ; 3.3V    ; --         ;                 ; --       ; --           ;
; 78       ; 104        ; 8        ; GND*                                      ;        ;              ;         ; Column I/O ;                 ; no       ; Off          ;
; 79       ; 106        ; 8        ; GND*                                      ;        ;              ;         ; Column I/O ;                 ; no       ; Off          ;
; 80       ; 107        ; 8        ; GND*                                      ;        ;              ;         ; Column I/O ;                 ; no       ; Off          ;
; 81       ;            ;          ; GND                                       ; gnd    ;              ;         ; --         ;                 ; --       ; --           ;
; 82       ;            ;          ; VCCINT                                    ; power  ;              ; 1.2V    ; --         ;                 ; --       ; --           ;
; 83       ;            ; 8        ; VCCIO8                                    ; power  ;              ; 3.3V    ; --         ;                 ; --       ; --           ;
; 84       ; 112        ; 8        ; GND*                                      ;        ;              ;         ; Column I/O ;                 ; no       ; Off          ;
; 85       ;            ;          ; GND                                       ; gnd    ;              ;         ; --         ;                 ; --       ; --           ;
; 86       ; 113        ; 8        ; GND*                                      ;        ;              ;         ; Column I/O ;                 ; no       ; Off          ;
; 87       ; 114        ; 8        ; GND*                                      ;        ;              ;         ; Column I/O ;                 ; no       ; Off          ;
; 88       ; 121        ; 8        ; GND*                                      ;        ;              ;         ; Column I/O ;                 ; no       ; Off          ;
; 89       ;            ;          ; GND                                       ; gnd    ;              ;         ; --         ;                 ; --       ; --           ;
; 90       ; 122        ; 8        ; GND*                                      ;        ;              ;         ; Column I/O ;                 ; no       ; Off          ;
; 91       ; 123        ; 8        ; GND+                                      ;        ;              ;         ; Column I/O ;                 ; --       ; --           ;
; 92       ; 124        ; 8        ; GND+                                      ;        ;              ;         ; Column I/O ;                 ; --       ; --           ;
; 93       ;            ;          ; VCCINT                                    ; power  ;              ; 1.2V    ; --         ;                 ; --       ; --           ;
; 94       ; 125        ; 7        ; GND+                                      ;        ;              ;         ; Column I/O ;                 ; --       ; --           ;
; 95       ; 126        ; 7        ; GND+                                      ;        ;              ;         ; Column I/O ;                 ; --       ; --           ;
; 96       ; 127        ; 7        ; GND*                                      ;        ;              ;         ; Column I/O ;                 ; no       ; Off          ;
; 97       ; 128        ; 7        ; GND*                                      ;        ;              ;         ; Column I/O ;                 ; no       ; Off          ;
; 98       ;            ;          ; GND                                       ; gnd    ;              ;         ; --         ;                 ; --       ; --           ;
; 99       ;            ;          ; VCCINT                                    ; power  ;              ; 1.2V    ; --         ;                 ; --       ; --           ;
; 100      ; 133        ; 7        ; GND*                                      ;        ;              ;         ; Column I/O ;                 ; no       ; Off          ;
; 101      ;            ; 7        ; VCCIO7                                    ; power  ;              ; 3.3V    ; --         ;                 ; --       ; --           ;
; 102      ;            ;          ; GND                                       ; gnd    ;              ;         ; --         ;                 ; --       ; --           ;
; 103      ;            ;          ; GND                                       ; gnd    ;              ;         ; --         ;                 ; --       ; --           ;
; 104      ;            ;          ; VCCINT                                    ; power  ;              ; 1.2V    ; --         ;                 ; --       ; --           ;
; 105      ; 143        ; 7        ; GND*                                      ;        ;              ;         ; Column I/O ;                 ; no       ; Off          ;
; 106      ; 144        ; 7        ; GND*                                      ;        ;              ;         ; Column I/O ;                 ; no       ; Off          ;
; 107      ;            ;          ; GND                                       ; gnd    ;              ;         ; --         ;                 ; --       ; --           ;
; 108      ;            ;          ; VCCINT                                    ; power  ;              ; 1.2V    ; --         ;                 ; --       ; --           ;
; 109      ; 152        ; 7        ; GND*                                      ;        ;              ;         ; Column I/O ;                 ; no       ; Off          ;
; 110      ; 153        ; 7        ; GND*                                      ;        ;              ;         ; Column I/O ;                 ; no       ; Off          ;
; 111      ; 154        ; 7        ; GND*                                      ;        ;              ;         ; Column I/O ;                 ; no       ; Off          ;
; 112      ;            ;          ; GND                                       ; gnd    ;              ;         ; --         ;                 ; --       ; --           ;
; 113      ; 157        ; 7        ; GND*                                      ;        ;              ;         ; Column I/O ;                 ; no       ; Off          ;
; 114      ; 158        ; 7        ; GND*                                      ;        ;              ;         ; Column I/O ;                 ; no       ; Off          ;
; 115      ;            ; 7        ; VCCIO7                                    ; power  ;              ; 3.3V    ; --         ;                 ; --       ; --           ;
; 116      ; 161        ; 7        ; GND*                                      ;        ;              ;         ; Column I/O ;                 ; no       ; Off          ;
; 117      ; 162        ; 7        ; GND*                                      ;        ;              ;         ; Column I/O ;                 ; no       ; Off          ;
; 118      ; 163        ; 7        ; GND*                                      ;        ;              ;         ; Column I/O ;                 ; no       ; Off          ;
; 119      ; 164        ; 7        ; GND*                                      ;        ;              ;         ; Column I/O ;                 ; no       ; Off          ;
; 120      ;            ;          ; GNDA_PLL4                                 ; gnd    ;              ;         ; --         ;                 ; --       ; --           ;
; 121      ;            ;          ; VCCA_PLL4                                 ; power  ;              ; 1.2V    ; --         ;                 ; --       ; --           ;
; 122      ;            ;          ; GNDG_PLL4                                 ; gnd    ;              ;         ; --         ;                 ; --       ; --           ;
; 123      ;            ;          ; VCCD_PLL4                                 ; power  ;              ; 1.2V    ; --         ;                 ; --       ; --           ;
; 124      ;            ;          ; GNDD_PLL4                                 ; gnd    ;              ;         ; --         ;                 ; --       ; --           ;
; 125      ; 165        ; 6        ; GND*                                      ;        ;              ;         ; Row I/O    ;                 ; no       ; Off          ;
; 126      ; 166        ; 6        ; GND*                                      ;        ;              ;         ; Row I/O    ;                 ; no       ; Off          ;
; 127      ; 167        ; 6        ; *~LVDS91p/nCEO~ / GND*                    ; output ; LVTTL        ;         ; Row I/O    ; N               ; no       ; Off          ;
; 128      ; 170        ; 6        ; GND*                                      ;        ;              ;         ; Row I/O    ;                 ; no       ; Off          ;
; 129      ;            ; 6        ; VCCIO6                                    ; power  ;              ; 3.3V    ; --         ;                 ; --       ; --           ;
; 130      ; 171        ; 6        ; GND*                                      ;        ;              ;         ; Row I/O    ;                 ; no       ; Off          ;
; 131      ; 172        ; 6        ; GND*                                      ;        ;              ;         ; Row I/O    ;                 ; no       ; Off          ;
; 132      ; 173        ; 6        ; GND*                                      ;        ;              ;         ; Row I/O    ;                 ; no       ; Off          ;
; 133      ;            ;          ; GND                                       ; gnd    ;              ;         ; --         ;                 ; --       ; --           ;
; 134      ; 176        ; 6        ; GND*                                      ;        ;              ;         ; Row I/O    ;                 ; no       ; Off          ;
; 135      ; 177        ; 6        ; GND*                                      ;        ;              ;         ; Row I/O    ;                 ; no       ; Off          ;
; 136      ; 182        ; 6        ; GND*                                      ;        ;              ;         ; Row I/O    ;                 ; no       ; Off          ;
; 137      ; 183        ; 6        ; GND*                                      ;        ;              ;         ; Row I/O    ;                 ; no       ; Off          ;
; 138      ;            ;          ; GND                                       ; gnd    ;              ;         ; --         ;                 ; --       ; --           ;
; 139      ; 192        ; 6        ; GND*                                      ;        ;              ;         ; Row I/O    ;                 ; no       ; Off          ;
; 140      ; 193        ; 6        ; GND*                                      ;        ;              ;         ; Row I/O    ;                 ; no       ; Off          ;
; 141      ; 194        ; 6        ; GND*                                      ;        ;              ;         ; Row I/O    ;                 ; no       ; Off          ;
; 142      ;            ; 6        ; VCCIO6                                    ; power  ;              ; 3.3V    ; --         ;                 ; --       ; --           ;
; 143      ; 195        ; 6        ; ^nSTATUS                                  ;        ;              ;         ; --         ;                 ; --       ; --           ;
; 144      ; 196        ; 6        ; ^CONF_DONE                                ;        ;              ;         ; --         ;                 ; --       ; --           ;
; 145      ;            ;          ; GND                                       ; gnd    ;              ;         ; --         ;                 ; --       ; --           ;
; 146      ; 197        ; 6        ; ^MSEL1                                    ;        ;              ;         ; --         ;                 ; --       ; --           ;
; 147      ; 198        ; 6        ; ^MSEL0                                    ;        ;              ;         ; --         ;                 ; --       ; --           ;
; 148      ;            ;          ; VCCINT                                    ; power  ;              ; 1.2V    ; --         ;                 ; --       ; --           ;
; 149      ; 201        ; 6        ; GND*                                      ;        ;              ;         ; Row I/O    ;                 ; no       ; Off          ;
; 150      ; 202        ; 6        ; GND*                                      ;        ;              ;         ; Row I/O    ;                 ; no       ; Off          ;
; 151      ; 203        ; 6        ; GND+                                      ;        ;              ;         ; Row I/O    ;                 ; --       ; --           ;
; 152      ; 204        ; 6        ; GND+                                      ;        ;              ;         ; Row I/O    ;                 ; --       ; --           ;
; 153      ; 205        ; 5        ; GND+                                      ;        ;              ;         ; Row I/O    ;                 ; --       ; --           ;
; 154      ; 206        ; 5        ; GND+                                      ;        ;              ;         ; Row I/O    ;                 ; --       ; --           ;
; 155      ; 207        ; 5        ; GND*                                      ;        ;              ;         ; Row I/O    ;                 ; no       ; Off          ;
; 156      ; 208        ; 5        ; GND*                                      ;        ;              ;         ; Row I/O    ;                 ; no       ; Off          ;
; 157      ; 209        ; 5        ; GND*                                      ;        ;              ;         ; Row I/O    ;                 ; no       ; Off          ;
; 158      ;            ;          ; VCCINT                                    ; power  ;              ; 1.2V    ; --         ;                 ; --       ; --           ;
; 159      ; 210        ; 5        ; GND*                                      ;        ;              ;         ; Row I/O    ;                 ; no       ; Off          ;
; 160      ;            ; 5        ; VCCIO5                                    ; power  ;              ; 3.3V    ; --         ;                 ; --       ; --           ;
; 161      ; 211        ; 5        ; o[0]                                      ; output ; LVTTL        ;         ; Row I/O    ; Y               ; no       ; Off          ;
; 162      ; 212        ; 5        ; o[1]                                      ; output ; LVTTL        ;         ; Row I/O    ; Y               ; no       ; Off          ;
; 163      ;            ;          ; GND                                       ; gnd    ;              ;         ; --         ;                 ; --       ; --           ;
; 164      ; 215        ; 5        ; o[2]                                      ; output ; LVTTL        ;         ; Row I/O    ; Y               ; no       ; Off          ;
; 165      ; 216        ; 5        ; o[3]                                      ; output ; LVTTL        ;         ; Row I/O    ; Y               ; no       ; Off          ;
; 166      ; 217        ; 5        ; GND*                                      ;        ;              ;         ; Row I/O    ;                 ; no       ; Off          ;
; 167      ; 218        ; 5        ; GND*                                      ;        ;              ;         ; Row I/O    ;                 ; no       ; Off          ;
; 168      ; 219        ; 5        ; GND*                                      ;        ;              ;         ; Row I/O    ;                 ; no       ; Off          ;
; 169      ;            ;          ; GND                                       ; gnd    ;              ;         ; --         ;                 ; --       ; --           ;
; 170      ; 223        ; 5        ; GND*                                      ;        ;              ;         ; Row I/O    ;                 ; no       ; Off          ;
; 171      ; 224        ; 5        ; GND*                                      ;        ;              ;         ; Row I/O    ;                 ; no       ; Off          ;
; 172      ;            ;          ; GND                                       ; gnd    ;              ;         ; --         ;                 ; --       ; --           ;
; 173      ; 233        ; 5        ; GND*                                      ;        ;              ;         ; Row I/O    ;                 ; no       ; Off          ;
; 174      ; 236        ; 5        ; GND*                                      ;        ;              ;         ; Row I/O    ;                 ; no       ; Off          ;
; 175      ; 237        ; 5        ; GND*                                      ;        ;              ;         ; Row I/O    ;                 ; no       ; Off          ;
; 176      ;            ; 5        ; VCCIO5                                    ; power  ;              ; 3.3V    ; --         ;                 ; --       ; --           ;
; 177      ; 242        ; 5        ; GND*                                      ;        ;              ;         ; Row I/O    ;                 ; no       ; Off          ;
; 178      ; 243        ; 5        ; GND*                                      ;        ;              ;         ; Row I/O    ;                 ; no       ; Off          ;
; 179      ;            ;          ; GNDD_PLL2                                 ; gnd    ;              ;         ; --         ;                 ; --       ; --           ;
; 180      ;            ;          ; VCCD_PLL2                                 ; power  ;              ; 1.2V    ; --         ;                 ; --       ; --           ;
; 181      ;            ;          ; GNDG_PLL2                                 ; gnd    ;              ;         ; --         ;                 ; --       ; --           ;
; 182      ;            ;          ; VCCA_PLL2                                 ; power  ;              ; 1.2V    ; --         ;                 ; --       ; --           ;
; 183      ;            ;          ; GNDA_PLL2                                 ; gnd    ;              ;         ; --         ;                 ; --       ; --           ;
; 184      ; 244        ; 4        ; GND*                                      ;        ;              ;         ; Column I/O ;                 ; no       ; Off          ;
; 185      ; 245        ; 4        ; GND*                                      ;        ;              ;         ; Column I/O ;                 ; no       ; Off          ;
; 186      ; 246        ; 4        ; GND*                                      ;        ;              ;         ; Column I/O ;                 ; no       ; Off          ;
; 187      ; 247        ; 4        ; GND*                                      ;        ;              ;         ; Column I/O ;                 ; no       ; Off          ;
; 188      ; 248        ; 4        ; GND*                                      ;        ;              ;         ; Column I/O ;                 ; no       ; Off          ;
; 189      ; 249        ; 4        ; GND*                                      ;        ;              ;         ; Column I/O ;                 ; no       ; Off          ;
; 190      ;            ; 4        ; VCCIO4                                    ; power  ;              ; 3.3V    ; --         ;                 ; --       ; --           ;
; 191      ; 250        ; 4        ; GND*                                      ;        ;              ;         ; Column I/O ;                 ; no       ; Off          ;
; 192      ; 251        ; 4        ; GND*                                      ;        ;              ;         ; Column I/O ;                 ; no       ; Off          ;
; 193      ;            ;          ; GND                                       ; gnd    ;              ;         ; --         ;                 ; --       ; --           ;
; 194      ; 254        ; 4        ; GND*                                      ;        ;              ;         ; Column I/O ;                 ; no       ; Off          ;
; 195      ; 259        ; 4        ; GND*                                      ;        ;              ;         ; Column I/O ;                 ; no       ; Off          ;
; 196      ;            ;          ; VCCINT                                    ; power  ;              ; 1.2V    ; --         ;                 ; --       ; --           ;
; 197      ; 260        ; 4        ; GND*                                      ;        ;              ;         ; Column I/O ;                 ; no       ; Off          ;
; 198      ;            ;          ; GND                                       ; gnd    ;              ;         ; --         ;                 ; --       ; --           ;
; 199      ; 264        ; 4        ; GND*                                      ;        ;              ;         ; Column I/O ;                 ; no       ; Off          ;
; 200      ; 265        ; 4        ; GND*                                      ;        ;              ;         ; Column I/O ;                 ; no       ; Off          ;
; 201      ;            ;          ; VCCINT                                    ; power  ;              ; 1.2V    ; --         ;                 ; --       ; --           ;
; 202      ;            ;          ; GND                                       ; gnd    ;              ;         ; --         ;                 ; --       ; --           ;
; 203      ; 275        ; 4        ; GND*                                      ;        ;              ;         ; Column I/O ;                 ; no       ; Off          ;
; 204      ;            ;          ; VCCINT                                    ; power  ;              ; 1.2V    ; --         ;                 ; --       ; --           ;
; 205      ;            ;          ; GND                                       ; gnd    ;              ;         ; --         ;                 ; --       ; --           ;
; 206      ;            ;          ; GND                                       ; gnd    ;              ;         ; --         ;                 ; --       ; --           ;
; 207      ;            ; 4        ; VCCIO4                                    ; power  ;              ; 3.3V    ; --         ;                 ; --       ; --           ;
; 208      ; 281        ; 4        ; GND*                                      ;        ;              ;         ; Column I/O ;                 ; no       ; Off          ;
; 209      ; 282        ; 4        ; GND+                                      ;        ;              ;         ; Column I/O ;                 ; --       ; --           ;
; 210      ; 283        ; 4        ; GND+                                      ;        ;              ;         ; Column I/O ;                 ; --       ; --           ;
; 211      ;            ;          ; VCCINT                                    ; power  ;              ; 1.2V    ; --         ;                 ; --       ; --           ;
; 212      ; 284        ; 3        ; GND+                                      ;        ;              ;         ; Column I/O ;                 ; --       ; --           ;
; 213      ; 285        ; 3        ; GND+                                      ;        ;              ;         ; Column I/O ;                 ; --       ; --           ;
; 214      ; 286        ; 3        ; GND*                                      ;        ;              ;         ; Column I/O ;                 ; no       ; Off          ;
; 215      ;            ;          ; GND                                       ; gnd    ;              ;         ; --         ;                 ; --       ; --           ;
; 216      ; 287        ; 3        ; GND*                                      ;        ;              ;         ; Column I/O ;                 ; no       ; Off          ;
; 217      ;            ;          ; GND                                       ; gnd    ;              ;         ; --         ;                 ; --       ; --           ;
; 218      ; 296        ; 3        ; GND*                                      ;        ;              ;         ; Column I/O ;                 ; no       ; Off          ;
; 219      ;            ; 3        ; VCCIO3                                    ; power  ;              ; 3.3V    ; --         ;                 ; --       ; --           ;
; 220      ;            ;          ; VCCINT                                    ; power  ;              ; 1.2V    ; --         ;                 ; --       ; --           ;
; 221      ;            ;          ; GND                                       ; gnd    ;              ;         ; --         ;                 ; --       ; --           ;
; 222      ; 303        ; 3        ; GND*                                      ;        ;              ;         ; Column I/O ;                 ; no       ; Off          ;
; 223      ; 304        ; 3        ; GND*                                      ;        ;              ;         ; Column I/O ;                 ; no       ; Off          ;
; 224      ;            ;          ; VCCINT                                    ; power  ;              ; 1.2V    ; --         ;                 ; --       ; --           ;
; 225      ;            ;          ; GND                                       ; gnd    ;              ;         ; --         ;                 ; --       ; --           ;
; 226      ; 311        ; 3        ; GND*                                      ;        ;              ;         ; Column I/O ;                 ; no       ; Off          ;
; 227      ;            ;          ; GND                                       ; gnd    ;              ;         ; --         ;                 ; --       ; --           ;
; 228      ; 312        ; 3        ; GND*                                      ;        ;              ;         ; Column I/O ;                 ; no       ; Off          ;
; 229      ;            ; 3        ; VCCIO3                                    ; power  ;              ; 3.3V    ; --         ;                 ; --       ; --           ;
; 230      ; 313        ; 3        ; GND*                                      ;        ;              ;         ; Column I/O ;                 ; no       ; Off          ;
; 231      ; 315        ; 3        ; GND*                                      ;        ;              ;         ; Column I/O ;                 ; no       ; Off          ;
; 232      ; 316        ; 3        ; GND*                                      ;        ;              ;         ; Column I/O ;                 ; no       ; Off          ;
; 233      ; 319        ; 3        ; GND*                                      ;        ;              ;         ; Column I/O ;                 ; no       ; Off          ;
; 234      ; 320        ; 3        ; GND*                                      ;        ;              ;         ; Column I/O ;                 ; no       ; Off          ;
; 235      ; 323        ; 3        ; GND*                                      ;        ;              ;         ; Column I/O ;                 ; no       ; Off          ;
; 236      ; 324        ; 3        ; GND*                                      ;        ;              ;         ; Column I/O ;                 ; no       ; Off          ;
; 237      ; 325        ; 3        ; GND*                                      ;        ;              ;         ; Column I/O ;                 ; no       ; Off          ;
; 238      ; 326        ; 3        ; GND*                                      ;        ;              ;         ; Column I/O ;                 ; no       ; Off          ;
; 239      ;            ;          ; GNDA_PLL3                                 ; gnd    ;              ;         ; --         ;                 ; --       ; --           ;
; 240      ;            ;          ; VCCA_PLL3                                 ; power  ;              ; 1.2V    ; --         ;                 ; --       ; --           ;
+----------+------------+----------+-------------------------------------------+--------+--------------+---------+------------+-----------------+----------+--------------+


+-------------------------------------------------------------------------------+
; Output Pin Default Load For Reported TCO                                      ;
+----------------------------------+-------+------------------------------------+
; I/O Standard                     ; Load  ; Termination Resistance             ;
+----------------------------------+-------+------------------------------------+
; LVTTL                            ; 0 pF  ; Not Available                      ;
; LVCMOS                           ; 0 pF  ; Not Available                      ;
; 2.5 V                            ; 0 pF  ; Not Available                      ;
; 1.8 V                            ; 0 pF  ; Not Available                      ;
; 1.5 V                            ; 0 pF  ; Not Available                      ;
; 3.3-V PCI                        ; 10 pF ; 25 Ohm (Parallel)                  ;
; 3.3-V PCI-X                      ; 10 pF ; 25 Ohm (Parallel)                  ;
; SSTL-2 Class I                   ; 0 pF  ; 50 Ohm (Parallel), 25 Ohm (Serial) ;
; SSTL-2 Class II                  ; 0 pF  ; 25 Ohm (Parallel), 25 Ohm (Serial) ;
; SSTL-18 Class I                  ; 0 pF  ; 50 Ohm (Parallel), 25 Ohm (Serial) ;
; SSTL-18 Class II                 ; 0 pF  ; 25 Ohm (Parallel), 25 Ohm (Serial) ;
; 1.5-V HSTL Class I               ; 0 pF  ; 50 Ohm (Parallel)                  ;
; 1.5-V HSTL Class II              ; 0 pF  ; 25 Ohm (Parallel)                  ;
; 1.8-V HSTL Class I               ; 0 pF  ; 50 Ohm (Parallel)                  ;
; 1.8-V HSTL Class II              ; 0 pF  ; 25 Ohm (Parallel)                  ;
; Differential SSTL-2              ; 0 pF  ; (See SSTL-2)                       ;
; Differential 2.5-V SSTL Class II ; 0 pF  ; (See SSTL-2 Class II)              ;
; Differential 1.8-V SSTL Class I  ; 0 pF  ; (See 1.8-V SSTL Class I)           ;
; Differential 1.8-V SSTL Class II ; 0 pF  ; (See 1.8-V SSTL Class II)          ;
; Differential 1.5-V HSTL Class I  ; 0 pF  ; (See 1.5-V HSTL Class I)           ;
; Differential 1.5-V HSTL Class II ; 0 pF  ; (See 1.5-V HSTL Class II)          ;
; Differential 1.8-V HSTL Class I  ; 0 pF  ; (See 1.8-V HSTL Class I)           ;
; Differential 1.8-V HSTL Class II ; 0 pF  ; (See 1.8-V HSTL Class II)          ;
; LVDS                             ; 0 pF  ; 100 Ohm (Differential)             ;
; mini-LVDS                        ; 0 pF  ; 100 Ohm (Differential)             ;
; RSDS                             ; 0 pF  ; 100 Ohm (Differential)             ;
; Simple RSDS                      ; 0 pF  ; Not Available                      ;
; Differential LVPECL              ; 0 pF  ; 100 Ohm (Differential)             ;
+----------------------------------+-------+------------------------------------+
Note: User assignments will override these defaults. The user specified values are listed in the Output Pins and Bidir Pins tables.


+---------------------------------------------------------------------------------------------------------------------------------------------------------------------------------------------------------------------------------------------------------------+
; Fitter Resource Utilization by Entity                                                                                                                                                                                                                         ;
+-------------------------------------------+-------------+-------------------+--------------+-------------+--------------+---------+-----------+------+--------------+-----------------------------------------------------------------------------------------+
; Compilation Hierarchy Node                ; Logic Cells ; LC Combinationals ; LC Registers ; Memory Bits ; DSP Elements ; DSP 9x9 ; DSP 18x18 ; Pins ; Virtual Pins ; Full Hierarchy Name                                                                     ;
+-------------------------------------------+-------------+-------------------+--------------+-------------+--------------+---------+-----------+------+--------------+-----------------------------------------------------------------------------------------+
; |project_3                                ; 0 (0)       ; 0 (0)             ; 0 (0)        ; 16          ; 0            ; 0       ; 0         ; 7    ; 0            ; |project_3                                                                              ;
;    |lpm_rom0:inst|                        ; 0 (0)       ; 0 (0)             ; 0 (0)        ; 16          ; 0            ; 0       ; 0         ; 0    ; 0            ; |project_3|lpm_rom0:inst                                                                ;
;       |altsyncram:altsyncram_component|   ; 0 (0)       ; 0 (0)             ; 0 (0)        ; 16          ; 0            ; 0       ; 0         ; 0    ; 0            ; |project_3|lpm_rom0:inst|altsyncram:altsyncram_component                                ;
;          |altsyncram_qs01:auto_generated| ; 0 (0)       ; 0 (0)             ; 0 (0)        ; 16          ; 0            ; 0       ; 0         ; 0    ; 0            ; |project_3|lpm_rom0:inst|altsyncram:altsyncram_component|altsyncram_qs01:auto_generated ;
+-------------------------------------------+-------------+-------------------+--------------+-------------+--------------+---------+-----------+------+--------------+-----------------------------------------------------------------------------------------+
Note: For table entries with two numbers listed, the numbers in parentheses indicate the number of resources of the given type used by the specific entity alone. The numbers listed outside of parentheses indicate the total resources of the given type used by the specific entity and all of its sub-entities in the hierarchy.


+------------------------------------------------------------------------------------+
; Delay Chain Summary                                                                ;
+-----------+----------+---------------+---------------+-----------------------+-----+
; Name      ; Pin Type ; Pad to Core 0 ; Pad to Core 1 ; Pad to Input Register ; TCO ;
+-----------+----------+---------------+---------------+-----------------------+-----+
; pin_name1 ; Input    ; 0             ; 0             ; --                    ; --  ;
; a[0]      ; Input    ; 6             ; 6             ; --                    ; --  ;
; a[1]      ; Input    ; 6             ; 6             ; --                    ; --  ;
; o[3]      ; Output   ; --            ; --            ; --                    ; --  ;
; o[2]      ; Output   ; --            ; --            ; --                    ; --  ;
; o[1]      ; Output   ; --            ; --            ; --                    ; --  ;
; o[0]      ; Output   ; --            ; --            ; --                    ; --  ;
+-----------+----------+---------------+---------------+-----------------------+-----+


+--------------------------------------------------------------------------------------------------------------------------------+
; Pad To Core Delay Chain Fanout                                                                                                 ;
+--------------------------------------------------------------------------------------------------+-------------------+---------+
; Source Pin / Fanout                                                                              ; Pad To Core Index ; Setting ;
+--------------------------------------------------------------------------------------------------+-------------------+---------+
; pin_name1                                                                                        ;                   ;         ;
; a[0]                                                                                             ;                   ;         ;
;      - lpm_rom0:inst|altsyncram:altsyncram_component|altsyncram_qs01:auto_generated|ram_block1a0 ; 1                 ; 6       ;
; a[1]                                                                                             ;                   ;         ;
;      - lpm_rom0:inst|altsyncram:altsyncram_component|altsyncram_qs01:auto_generated|ram_block1a0 ; 1                 ; 6       ;
+--------------------------------------------------------------------------------------------------+-------------------+---------+


+-----------------------------------------------------------------------------------------------------------------------+
; Control Signals                                                                                                       ;
+-----------+----------+---------+-------+--------+----------------------+------------------+---------------------------+
; Name      ; Location ; Fan-Out ; Usage ; Global ; Global Resource Used ; Global Line Name ; Enable Signal Source Name ;
+-----------+----------+---------+-------+--------+----------------------+------------------+---------------------------+
; pin_name1 ; PIN_31   ; 1       ; Clock ; yes    ; Global clock         ; GCLK2            ; --                        ;
+-----------+----------+---------+-------+--------+----------------------+------------------+---------------------------+


+------------------------------------------------------------------------------------------------------+
; Global & Other Fast Signals                                                                          ;
+-----------+----------+---------+----------------------+------------------+---------------------------+
; Name      ; Location ; Fan-Out ; Global Resource Used ; Global Line Name ; Enable Signal Source Name ;
+-----------+----------+---------+----------------------+------------------+---------------------------+
; pin_name1 ; PIN_31   ; 1       ; Global clock         ; GCLK2            ; --                        ;
+-----------+----------+---------+----------------------+------------------+---------------------------+


+-----------------------------------------------------------------------------------------------+
; Non-Global High Fan-Out Signals                                                               ;
+-------------------------------------------------------------------------------------+---------+
; Name                                                                                ; Fan-Out ;
+-------------------------------------------------------------------------------------+---------+
; a[1]                                                                                ; 1       ;
; a[0]                                                                                ; 1       ;
; lpm_rom0:inst|altsyncram:altsyncram_component|altsyncram_qs01:auto_generated|q_a[1] ; 1       ;
; lpm_rom0:inst|altsyncram:altsyncram_component|altsyncram_qs01:auto_generated|q_a[2] ; 1       ;
; lpm_rom0:inst|altsyncram:altsyncram_component|altsyncram_qs01:auto_generated|q_a[3] ; 1       ;
; lpm_rom0:inst|altsyncram:altsyncram_component|altsyncram_qs01:auto_generated|q_a[0] ; 1       ;
+-------------------------------------------------------------------------------------+---------+


+-------------------------------------------------------------------------------------------------------------------------------------------------------------------------------------------------------------------------------------------------------------------------------------------------------------------------------------------------------------------------------------------------------------------------------------------------------------------+
; Fitter RAM Summary                                                                                                                                                                                                                                                                                                                                                                                                                                                ;
+-----------------------------------------------------------------------------------------+------+------+--------------+--------------+--------------+--------------+------------------------+-------------------------+------------------------+-------------------------+------+-----------------------------+-----------------------------+-----------------------------+-----------------------------+---------------------+------+---------------+-------------+
; Name                                                                                    ; Type ; Mode ; Port A Depth ; Port A Width ; Port B Depth ; Port B Width ; Port A Input Registers ; Port A Output Registers ; Port B Input Registers ; Port B Output Registers ; Size ; Implementation Port A Depth ; Implementation Port A Width ; Implementation Port B Depth ; Implementation Port B Width ; Implementation Bits ; M4Ks ; MIF           ; Location    ;
+-----------------------------------------------------------------------------------------+------+------+--------------+--------------+--------------+--------------+------------------------+-------------------------+------------------------+-------------------------+------+-----------------------------+-----------------------------+-----------------------------+-----------------------------+---------------------+------+---------------+-------------+
; lpm_rom0:inst|altsyncram:altsyncram_component|altsyncram_qs01:auto_generated|ALTSYNCRAM ; AUTO ; ROM  ; 4            ; 4            ; --           ; --           ; yes                    ; no                      ; --                     ; --                      ; 16   ; 4                           ; 4                           ; --                          ; --                          ; 16                  ; 1    ; project_3.hex ; M4K_X41_Y17 ;
+-----------------------------------------------------------------------------------------+------+------+--------------+--------------+--------------+--------------+------------------------+-------------------------+------------------------+-------------------------+------+-----------------------------+-----------------------------+-----------------------------+-----------------------------+---------------------+------+---------------+-------------+
Note: Fitter may spread logical memories into multiple blocks to improve timing. The actual required RAM blocks can be found in the Fitter Resource Usage section.


+----------------------------------------------------+
; Interconnect Usage Summary                         ;
+----------------------------+-----------------------+
; Interconnect Resource Type ; Usage                 ;
+----------------------------+-----------------------+
; Block interconnects        ; 6 / 54,004 ( < 1 % )  ;
; C16 interconnects          ; 0 / 2,100 ( 0 % )     ;
; C4 interconnects           ; 5 / 36,000 ( < 1 % )  ;
; Direct links               ; 0 / 54,004 ( 0 % )    ;
; Global clocks              ; 1 / 16 ( 6 % )        ;
; Local interconnects        ; 0 / 18,752 ( 0 % )    ;
; R24 interconnects          ; 4 / 1,900 ( < 1 % )   ;
; R4 interconnects           ; 12 / 46,920 ( < 1 % ) ;
+----------------------------+-----------------------+


+-----------------+
; Fitter Messages ;
+-----------------+
Info: *******************************************************************
Info: Running Quartus II Fitter
    Info: Version 5.1 Build 176 10/26/2005 SJ Full Version
    Info: Processing started: Mon Nov 09 20:32:41 2020
Info: Command: quartus_fit --read_settings_files=off --write_settings_files=off project_3 -c project_3
Info: Selected device EP2C20Q240C8 for design "project_3"
Info: Fitter is performing an Auto Fit compilation, which may decrease Fitter effort to reduce compilation time
Info: Timing requirements not specified -- optimizing circuit to achieve the following default global requirements
    Info: Assuming a global fmax requirement of 1 MHz
    Info: Not setting a global tsu requirement
    Info: Not setting a global tco requirement
    Info: Not setting a global tpd requirement
Info: Device migration not selected. If you intend to use device migration later, you may need to change the pin assignments as they may be incompatible with other devices
Info: Design uses memory blocks. Violating setup or hold times of memory block address registers could cause memory contents to be corrupted. Make sure that all memory block address registers meet the setup and hold time requirements.
Info: Automatically promoted node pin_name1 (placed in PIN 31 (CLK1, LVDSCLK0n, Input))
    Info: Automatically promoted destinations to use location or clock signal Global Clock CLKCTRL_G2
Info: Starting register packing
Info: Performing register packing on registers with non-logic cell location assignments
Info: Completed register packing on registers with non-logic cell location assignments
Info: Started Fast Input/Output/OE register processing
Info: Finished Fast Input/Output/OE register processing
Info: Moving registers into I/O cells, Multiplier Blocks, and RAM blocks to improve timing and density
Info: Finished moving registers into I/O cells, Multiplier Blocks, and RAM blocks
Info: Finished register packing
Info: Fitter placement preparation operations beginning
Info: Fitter is using Normal packing mode for logic elements with Auto setting for Auto Packed Registers logic option
Info: Fitter placement preparation operations ending: elapsed time is 00:00:00
Info: Fitter placement operations beginning
Info: Fitter placement was successful
Info: Fitter placement operations ending: elapsed time is 00:00:00
Info: Fitter routing operations beginning
Info: Fitter routing operations ending: elapsed time is 00:00:00
Info: The Fitter performed an Auto Fit compilation.  Optimizations were skipped to reduce compilation time.
    Info: Optimizations that may affect the design's routability were skipped
    Info: Optimizations that may affect the design's timing were skipped
Info: Started post-fitting delay annotation
Warning: Timing characteristics of device EP2C20Q240C8 are preliminary
Warning: Found 4 output pins without output pin load capacitance assignment
    Warning: Pin "o[3]" has no specified output pin load capacitance -- assuming default load capacitance of 0 pF for timing analysis
    Warning: Pin "o[2]" has no specified output pin load capacitance -- assuming default load capacitance of 0 pF for timing analysis
    Warning: Pin "o[1]" has no specified output pin load capacitance -- assuming default load capacitance of 0 pF for timing analysis
    Warning: Pin "o[0]" has no specified output pin load capacitance -- assuming default load capacitance of 0 pF for timing analysis
Info: Delay annotation completed successfully
Info: Quartus II Fitter was successful. 0 errors, 6 warnings
    Info: Processing ended: Mon Nov 09 20:32:43 2020
    Info: Elapsed time: 00:00:02


